<?xml version="1.0" encoding="UTF-8"?>
<testsuite name="edu.coursera.distributed.SparkTest" time="754.49" tests="6" errors="0" skipped="0" failures="3">
  <properties>
[...]
</properties>
  <testcase name="testIncreasingTwentyThousand" classname="edu.coursera.distributed.SparkTest" time="68.006">
    <failure message="Expected at least 1.35x speedup, but only saw 0.9697896628930024x. Sequential time = 30753 ms, parallel time = 31711 ms" type="junit.framework.AssertionFailedError">junit.framework.AssertionFailedError: Expected at least 1.35x speedup, but only saw 0.9697896628930024x. Sequential time = 30753 ms, parallel time = 31711 ms
	at junit.framework.Assert.fail(Assert.java:47)
	at junit.framework.Assert.assertTrue(Assert.java:20)
	at edu.coursera.distributed.SparkTest.testDriver(SparkTest.java:229)
	at edu.coursera.distributed.SparkTest.testIncreasingTwentyThousand(SparkTest.java:261)
</failure>
    <system-err><![CDATA[Running the PageRank algorithm for 5 iterations on a website graph of 20000 websites

Using Spark's default log4j profile: org/apache/spark/log4j-defaults.properties
20/12/30 18:21:08 INFO PlatformDependent: Your platform does not provide complete low-level API for accessing direct buffers reliably. Unless explicitly requested, heap buffer will always be preferred to avoid potential system unstability.
20/12/30 18:21:09 INFO Remoting: Starting remoting
20/12/30 18:21:10 INFO Remoting: Remoting started; listening on addresses :[akka.tcp://sparkDriverActorSystem@192.168.1.1:58959]

Single-core execution ran in 30753 ms
4-core execution ran in 31711 ms, yielding a speedup of 0.9697896628930024x

]]></system-err>
  </testcase>
  <testcase name="testIncreasingFiftyThousand" classname="edu.coursera.distributed.SparkTest" time="160.569"/>
  <testcase name="testRandomTwentyThousand" classname="edu.coursera.distributed.SparkTest" time="66.503">
    <failure message="Expected at least 1.35x speedup, but only saw 1.2767304299699056x. Sequential time = 36909 ms, parallel time = 28909 ms" type="junit.framework.AssertionFailedError">junit.framework.AssertionFailedError: Expected at least 1.35x speedup, but only saw 1.2767304299699056x. Sequential time = 36909 ms, parallel time = 28909 ms
	at junit.framework.Assert.fail(Assert.java:47)
	at junit.framework.Assert.assertTrue(Assert.java:20)
	at edu.coursera.distributed.SparkTest.testDriver(SparkTest.java:229)
	at edu.coursera.distributed.SparkTest.testRandomTwentyThousand(SparkTest.java:283)
</failure>
    <system-err><![CDATA[Running the PageRank algorithm for 5 iterations on a website graph of 20000 websites


Single-core execution ran in 36909 ms
4-core execution ran in 28909 ms, yielding a speedup of 1.2767304299699056x

]]></system-err>
  </testcase>
  <testcase name="testRandomFiftyThousand" classname="edu.coursera.distributed.SparkTest" time="187.874"/>
  <testcase name="testUniformTwentyThousand" classname="edu.coursera.distributed.SparkTest" time="83.959">
    <failure message="Expected at least 1.35x speedup, but only saw 0.8753349093774626x. Sequential time = 38878 ms, parallel time = 44415 ms" type="junit.framework.AssertionFailedError">junit.framework.AssertionFailedError: Expected at least 1.35x speedup, but only saw 0.8753349093774626x. Sequential time = 38878 ms, parallel time = 44415 ms
	at junit.framework.Assert.fail(Assert.java:47)
	at junit.framework.Assert.assertTrue(Assert.java:20)
	at edu.coursera.distributed.SparkTest.testDriver(SparkTest.java:229)
	at edu.coursera.distributed.SparkTest.testUniformTwentyThousand(SparkTest.java:239)
</failure>
    <system-err><![CDATA[Running the PageRank algorithm for 5 iterations on a website graph of 20000 websites


Single-core execution ran in 38878 ms
4-core execution ran in 44415 ms, yielding a speedup of 0.8753349093774626x

]]></system-err>
  </testcase>
  <testcase name="testUniformFiftyThousand" classname="edu.coursera.distributed.SparkTest" time="187.579"/>
</testsuite>